16:54:32.769 INFO [GridLauncherV3.parse] - Selenium server version: 3.141.59, revision: e82be7d358
16:54:32.872 INFO [GridLauncherV3.lambda$buildLaunchers$3] - Launching a standalone Selenium Server on port 4444
2019-04-29 16:54:32.930:INFO::main: Logging initialized @420ms to org.seleniumhq.jetty9.util.log.StdErrLog
16:54:33.200 INFO [WebDriverServlet.<init>] - Initialising WebDriverServlet
16:54:33.421 INFO [SeleniumServer.boot] - Selenium Server is up and running on port 4444
16:54:33.692 INFO [ActiveSessionFactory.apply] - Capabilities are: {
  "acceptSslCerts": true,
  "browserName": "chrome",
  "chromeOptions": {
    "args": [
      "disable-web-security",
      "ignore-certificate-errors",
      "start-maximized",
      "incognito"
    ]
  },
  "name": "Homepage"
}
16:54:33.693 INFO [ActiveSessionFactory.lambda$apply$11] - Matched factory org.openqa.selenium.grid.session.remote.ServicedSession$Factory (provider: org.openqa.selenium.chrome.ChromeDriverService)
Starting ChromeDriver 73.0.3683.68 (47787ec04b6e38e22703e856e101e840b65afe72) on port 43611
Only local connections are allowed.
Please protect ports used by ChromeDriver and related test frameworks to prevent access by malicious code.
16:54:36.631 INFO [ProtocolHandshake.createSession] - Detected dialect: OSS
16:54:36.986 INFO [RemoteSession$Factory.lambda$performHandshake$0] - Started new session d4b0963870b91a8ddbcf9125bc8aa008 (org.openqa.selenium.chrome.ChromeDriverService)
16:54:42.838 INFO [ActiveSessions$1.onStop] - Removing session d4b0963870b91a8ddbcf9125bc8aa008 (org.openqa.selenium.chrome.ChromeDriverService)
